<?xml version="1.0" encoding="UTF-8" ?>
<testsuite tests="3" failures="3" name="org.cytoscape.sample.internal.CyActivatorTest" time="0.01" errors="0" skipped="0">
  <properties>
    <property name="java.runtime.name" value="Java(TM) SE Runtime Environment"/>
    <property name="sun.boot.library.path" value="C:\Program Files\Java\jdk1.8.0_20\jre\bin"/>
    <property name="java.vm.version" value="25.20-b23"/>
    <property name="java.vm.vendor" value="Oracle Corporation"/>
    <property name="java.vendor.url" value="http://java.oracle.com/"/>
    <property name="path.separator" value=";"/>
    <property name="java.vm.name" value="Java HotSpot(TM) 64-Bit Server VM"/>
    <property name="file.encoding.pkg" value="sun.io"/>
    <property name="user.script" value=""/>
    <property name="user.country" value="CA"/>
    <property name="sun.java.launcher" value="SUN_STANDARD"/>
    <property name="sun.os.patch.level" value="Service Pack 1"/>
    <property name="java.vm.specification.name" value="Java Virtual Machine Specification"/>
    <property name="user.dir" value="C:\Users\wulincs\Dropbox\Eclipse\cytoscape-app-samples-master\sample-control-panel"/>
    <property name="java.runtime.version" value="1.8.0_20-b26"/>
    <property name="java.awt.graphicsenv" value="sun.awt.Win32GraphicsEnvironment"/>
    <property name="basedir" value="C:\Users\wulincs\Dropbox\Eclipse\cytoscape-app-samples-master\sample-control-panel"/>
    <property name="java.endorsed.dirs" value="C:\Program Files\Java\jdk1.8.0_20\jre\lib\endorsed"/>
    <property name="os.arch" value="amd64"/>
    <property name="surefire.real.class.path" value="C:\Users\wulincs\Dropbox\Eclipse\cytoscape-app-samples-master\sample-control-panel\target\surefire\surefirebooter1647124175945130471.jar"/>
    <property name="java.io.tmpdir" value="C:\Users\wulincs\AppData\Local\Temp\"/>
    <property name="line.separator" value="
"/>
    <property name="java.vm.specification.vendor" value="Oracle Corporation"/>
    <property name="user.variant" value=""/>
    <property name="os.name" value="Windows 7"/>
    <property name="sun.jnu.encoding" value="GBK"/>
    <property name="java.library.path" value="C:\Program Files\Java\jdk1.8.0_20\jre\bin;C:\Windows\Sun\Java\bin;C:\Windows\system32;C:\Windows;C:\ProgramData\Oracle\Java\javapath;C:\Program Files (x86)\NVIDIA Corporation\PhysX\Common;C:\Program Files (x86)\Intel\iCLS Client\;C:\Program Files\Intel\iCLS Client\;C:\Windows\system32;C:\Windows;C:\Windows\System32\Wbem;C:\Windows\System32\WindowsPowerShell\v1.0\;C:\Program Files\Intel\Intel(R) Management Engine Components\DAL;C:\Program Files\Intel\Intel(R) Management Engine Components\IPT;C:\Program Files (x86)\Intel\Intel(R) Management Engine Components\DAL;C:\Program Files (x86)\Intel\Intel(R) Management Engine Components\IPT;C:\Program Files\Intel\WiFi\bin\;C:\Program Files\Common Files\Intel\WirelessCommon\;C:\Program Files (x86)\Intel\OpenCL SDK\2.0\bin\x86;C:\Program Files (x86)\Intel\OpenCL SDK\2.0\bin\x64;C:\Program Files\Java\jdk1.8.0_20\bin;C:\Program Files\Java\jdk1.8.0_20\jre\bin;C:\Program Files\MATLAB\R2015b\runtime\win64;C:\Program Files\MATLAB\R2015b\bin;C:\CTEX\UserData\miktex\bin;C:\CTEX\MiKTeX\miktex\bin;C:\CTEX\CTeX\ctex\bin;C:\CTEX\CTeX\cct\bin;C:\CTEX\CTeX\ty\bin;C:\CTEX\Ghostscript\gs9.05\bin;C:\CTEX\GSview\gsview;C:\CTEX\WinEdt;C:\Program Files\MATLAB\R2015b\polyspace\bin;C:\Program Files\Maven\apache-maven-3.3.9\bin;C:\Program Files\Git\cmd;C:\Program Files\Intel\WiFi\bin\;C:\Program Files\Common Files\Intel\WirelessCommon\;C:\CTEX\UserData\miktex\bin\;."/>
    <property name="surefire.test.class.path" value="C:\Users\wulincs\Dropbox\Eclipse\cytoscape-app-samples-master\sample-control-panel\target\test-classes;C:\Users\wulincs\Dropbox\Eclipse\cytoscape-app-samples-master\sample-control-panel\target\classes;C:\Users\wulincs\.m2\repository\org\osgi\org.osgi.core\4.2.0\org.osgi.core-4.2.0.jar;C:\Users\wulincs\.m2\repository\org\cytoscape\service-api\3.0.0-beta4-SNAPSHOT\service-api-3.0.0-beta4-SNAPSHOT.jar;C:\Users\wulincs\.m2\repository\org\cytoscape\swing-application-api\3.0.0-beta4-SNAPSHOT\swing-application-api-3.0.0-beta4-SNAPSHOT.jar;C:\Users\wulincs\.m2\repository\org\cytoscape\work-swing-api\3.0.0-beta4-SNAPSHOT\work-swing-api-3.0.0-beta4-SNAPSHOT.jar;C:\Users\wulincs\.m2\repository\org\cytoscape\application-api\3.0.0-beta4-SNAPSHOT\application-api-3.0.0-beta4-SNAPSHOT.jar;C:\Users\wulincs\.m2\repository\org\cytoscape\session-api\3.0.0-beta4-SNAPSHOT\session-api-3.0.0-beta4-SNAPSHOT.jar;C:\Users\wulincs\.m2\repository\org\cytoscape\vizmap-api\3.0.0-beta4-SNAPSHOT\vizmap-api-3.0.0-beta4-SNAPSHOT.jar;C:\Users\wulincs\.m2\repository\org\cytoscape\property-api\3.0.0-beta4-SNAPSHOT\property-api-3.0.0-beta4-SNAPSHOT.jar;C:\Users\wulincs\.m2\repository\org\cytoscape\model-api\3.0.0-beta4-SNAPSHOT\model-api-3.0.0-beta4-SNAPSHOT.jar;C:\Users\wulincs\.m2\repository\org\cytoscape\event-api\3.0.0-beta4-SNAPSHOT\event-api-3.0.0-beta4-SNAPSHOT.jar;C:\Users\wulincs\.m2\repository\org\cytoscape\swing-util-api\3.0.0-beta4-SNAPSHOT\swing-util-api-3.0.0-beta4-SNAPSHOT.jar;C:\Users\wulincs\.m2\repository\org\cytoscape\viewmodel-api\3.0.0-beta4-SNAPSHOT\viewmodel-api-3.0.0-beta4-SNAPSHOT.jar;C:\Users\wulincs\.m2\repository\org\cytoscape\layout-api\3.0.0-beta4-SNAPSHOT\layout-api-3.0.0-beta4-SNAPSHOT.jar;C:\Users\wulincs\.m2\repository\org\cytoscape\presentation-api\3.0.0-beta4-SNAPSHOT\presentation-api-3.0.0-beta4-SNAPSHOT.jar;C:\Users\wulincs\.m2\repository\org\cytoscape\core-task-api\3.0.0-beta4-SNAPSHOT\core-task-api-3.0.0-beta4-SNAPSHOT.jar;C:\Users\wulincs\.m2\repository\org\cytoscape\work-api\3.0.0-beta4-SNAPSHOT\work-api-3.0.0-beta4-SNAPSHOT.jar;C:\Users\wulincs\.m2\repository\org\ops4j\pax\logging\pax-logging-api\1.5.2\pax-logging-api-1.5.2.jar;"/>
    <property name="java.specification.name" value="Java Platform API Specification"/>
    <property name="java.class.version" value="52.0"/>
    <property name="sun.management.compiler" value="HotSpot 64-Bit Tiered Compilers"/>
    <property name="os.version" value="6.1"/>
    <property name="user.home" value="C:\Users\wulincs"/>
    <property name="user.timezone" value="America/Regina"/>
    <property name="java.awt.printerjob" value="sun.awt.windows.WPrinterJob"/>
    <property name="java.specification.version" value="1.8"/>
    <property name="file.encoding" value="GBK"/>
    <property name="user.name" value="wulincs"/>
    <property name="java.class.path" value="C:\Users\wulincs\Dropbox\Eclipse\cytoscape-app-samples-master\sample-control-panel\target\test-classes;C:\Users\wulincs\Dropbox\Eclipse\cytoscape-app-samples-master\sample-control-panel\target\classes;C:\Users\wulincs\.m2\repository\org\osgi\org.osgi.core\4.2.0\org.osgi.core-4.2.0.jar;C:\Users\wulincs\.m2\repository\org\cytoscape\service-api\3.0.0-beta4-SNAPSHOT\service-api-3.0.0-beta4-SNAPSHOT.jar;C:\Users\wulincs\.m2\repository\org\cytoscape\swing-application-api\3.0.0-beta4-SNAPSHOT\swing-application-api-3.0.0-beta4-SNAPSHOT.jar;C:\Users\wulincs\.m2\repository\org\cytoscape\work-swing-api\3.0.0-beta4-SNAPSHOT\work-swing-api-3.0.0-beta4-SNAPSHOT.jar;C:\Users\wulincs\.m2\repository\org\cytoscape\application-api\3.0.0-beta4-SNAPSHOT\application-api-3.0.0-beta4-SNAPSHOT.jar;C:\Users\wulincs\.m2\repository\org\cytoscape\session-api\3.0.0-beta4-SNAPSHOT\session-api-3.0.0-beta4-SNAPSHOT.jar;C:\Users\wulincs\.m2\repository\org\cytoscape\vizmap-api\3.0.0-beta4-SNAPSHOT\vizmap-api-3.0.0-beta4-SNAPSHOT.jar;C:\Users\wulincs\.m2\repository\org\cytoscape\property-api\3.0.0-beta4-SNAPSHOT\property-api-3.0.0-beta4-SNAPSHOT.jar;C:\Users\wulincs\.m2\repository\org\cytoscape\model-api\3.0.0-beta4-SNAPSHOT\model-api-3.0.0-beta4-SNAPSHOT.jar;C:\Users\wulincs\.m2\repository\org\cytoscape\event-api\3.0.0-beta4-SNAPSHOT\event-api-3.0.0-beta4-SNAPSHOT.jar;C:\Users\wulincs\.m2\repository\org\cytoscape\swing-util-api\3.0.0-beta4-SNAPSHOT\swing-util-api-3.0.0-beta4-SNAPSHOT.jar;C:\Users\wulincs\.m2\repository\org\cytoscape\viewmodel-api\3.0.0-beta4-SNAPSHOT\viewmodel-api-3.0.0-beta4-SNAPSHOT.jar;C:\Users\wulincs\.m2\repository\org\cytoscape\layout-api\3.0.0-beta4-SNAPSHOT\layout-api-3.0.0-beta4-SNAPSHOT.jar;C:\Users\wulincs\.m2\repository\org\cytoscape\presentation-api\3.0.0-beta4-SNAPSHOT\presentation-api-3.0.0-beta4-SNAPSHOT.jar;C:\Users\wulincs\.m2\repository\org\cytoscape\core-task-api\3.0.0-beta4-SNAPSHOT\core-task-api-3.0.0-beta4-SNAPSHOT.jar;C:\Users\wulincs\.m2\repository\org\cytoscape\work-api\3.0.0-beta4-SNAPSHOT\work-api-3.0.0-beta4-SNAPSHOT.jar;C:\Users\wulincs\.m2\repository\org\ops4j\pax\logging\pax-logging-api\1.5.2\pax-logging-api-1.5.2.jar;"/>
    <property name="java.vm.specification.version" value="1.8"/>
    <property name="sun.arch.data.model" value="64"/>
    <property name="java.home" value="C:\Program Files\Java\jdk1.8.0_20\jre"/>
    <property name="sun.java.command" value="C:\Users\wulincs\Dropbox\Eclipse\cytoscape-app-samples-master\sample-control-panel\target\surefire\surefirebooter1647124175945130471.jar C:\Users\wulincs\Dropbox\Eclipse\cytoscape-app-samples-master\sample-control-panel\target\surefire\surefire264303297930126882tmp C:\Users\wulincs\Dropbox\Eclipse\cytoscape-app-samples-master\sample-control-panel\target\surefire\surefire7350479533974488779tmp"/>
    <property name="java.specification.vendor" value="Oracle Corporation"/>
    <property name="user.language" value="en"/>
    <property name="awt.toolkit" value="sun.awt.windows.WToolkit"/>
    <property name="java.vm.info" value="mixed mode"/>
    <property name="java.version" value="1.8.0_20"/>
    <property name="java.ext.dirs" value="C:\Program Files\Java\jdk1.8.0_20\jre\lib\ext;C:\Windows\Sun\Java\lib\ext"/>
    <property name="sun.boot.class.path" value="C:\Program Files\Java\jdk1.8.0_20\jre\lib\resources.jar;C:\Program Files\Java\jdk1.8.0_20\jre\lib\rt.jar;C:\Program Files\Java\jdk1.8.0_20\jre\lib\sunrsasign.jar;C:\Program Files\Java\jdk1.8.0_20\jre\lib\jsse.jar;C:\Program Files\Java\jdk1.8.0_20\jre\lib\jce.jar;C:\Program Files\Java\jdk1.8.0_20\jre\lib\charsets.jar;C:\Program Files\Java\jdk1.8.0_20\jre\lib\jfr.jar;C:\Program Files\Java\jdk1.8.0_20\jre\classes"/>
    <property name="java.vendor" value="Oracle Corporation"/>
    <property name="localRepository" value="C:\Users\wulincs\.m2\repository"/>
    <property name="file.separator" value="\"/>
    <property name="java.vendor.url.bug" value="http://bugreport.sun.com/bugreport/"/>
    <property name="sun.cpu.endian" value="little"/>
    <property name="sun.io.unicode.encoding" value="UnicodeLittle"/>
    <property name="sun.desktop" value="windows"/>
    <property name="sun.cpu.isalist" value="amd64"/>
  </properties>
  <testcase classname="org.cytoscape.sample.internal.CyActivatorTest" name="org.cytoscape.sample.internal.CyActivatorTest.testConstructor" time="0.004">
    <failure message="org/junit/Assert" type="java.lang.NoClassDefFoundError">java.lang.NoClassDefFoundError: org/junit/Assert
	at org.cytoscape.sample.internal.CyActivatorTest.testConstructor(CyActivatorTest.java:30)
Caused by: java.lang.ClassNotFoundException: org.junit.Assert
	at java.net.URLClassLoader$1.run(URLClassLoader.java:372)
	at java.net.URLClassLoader$1.run(URLClassLoader.java:361)
	at java.security.AccessController.doPrivileged(Native Method)
	at java.net.URLClassLoader.findClass(URLClassLoader.java:360)
	at java.lang.ClassLoader.loadClass(ClassLoader.java:424)
	at sun.misc.Launcher$AppClassLoader.loadClass(Launcher.java:308)
	at java.lang.ClassLoader.loadClass(ClassLoader.java:357)
	... 19 more
</failure>
    <system-out>@HL
@HL-------------------------------------------------------
@HL T E S T S
@HL-------------------------------------------------------
@SLRunning org.cytoscape.sample.internal.CyActivatorTest
</system-out>
  </testcase>
  <testcase classname="org.cytoscape.sample.internal.CyActivatorTest" name="org.cytoscape.sample.internal.CyActivatorTest.testStartNullBundleContext" time="0.003">
    <failure type="java.lang.NullPointerException">java.lang.NullPointerException
	at org.cytoscape.sample.internal.CyActivatorTest.testStartNullBundleContext(CyActivatorTest.java:35)
</failure>
  </testcase>
  <testcase classname="org.cytoscape.sample.internal.CyActivatorTest" name="org.cytoscape.sample.internal.CyActivatorTest.testStart" time="0">
    <failure type="java.lang.NullPointerException">java.lang.NullPointerException
	at org.cytoscape.sample.internal.CyActivatorTest.testStart(CyActivatorTest.java:40)
</failure>
  </testcase>
</testsuite>